30-Mar-25 22:08:27 - INFO - ***************test_title_verification***************
30-Mar-25 22:08:28 - INFO - ***************test_title_verification_title_match***************
30-Mar-25 22:12:28 - INFO - ***************test_title_verification_started***************
30-Mar-25 22:12:29 - INFO - ***************test_title_verification_title_match***************
30-Mar-25 22:12:31 - INFO - ***************test_test_valid_admin_login_started***************
30-Mar-25 22:12:32 - INFO - ***************test_test_valid_admin_login_login_text_has_found***************
30-Mar-25 22:13:55 - INFO - ***************test_title_verification_started***************
30-Mar-25 22:13:56 - INFO - ***************test_title_verification_title_match***************
30-Mar-25 22:13:57 - INFO - ***************test_test_valid_admin_login_started***************
30-Mar-25 22:13:58 - INFO - ***************test_valid_admin_login-login_text_has_found***************
30-Mar-25 22:19:06 - INFO - ***************test_title_verification_started***************
30-Mar-25 22:19:08 - INFO - ***************test_title_verification_title_match***************
30-Mar-25 22:19:09 - INFO - ***************test_valid_admin_login_started***************
30-Mar-25 22:19:11 - INFO - ***************test_valid_admin_login-login_text_has_found***************
30-Mar-25 23:17:23 - INFO - ***************test_title_verification_started***************
30-Mar-25 23:17:24 - INFO - ***************test_title_verification_title_match***************
30-Mar-25 23:17:26 - INFO - ***************test_valid_admin_login_started***************
30-Mar-25 23:17:27 - INFO - ***************test_valid_admin_login-login_text_has_found***************
30-Mar-25 23:18:12 - INFO - ***************test_title_verification_started***************
30-Mar-25 23:18:12 - INFO - ***************test_title_verification_title_match***************
30-Mar-25 23:18:18 - INFO - ***************test_valid_admin_login_started***************
30-Mar-25 23:18:20 - INFO - ***************test_valid_admin_login-login_text_has_found***************
30-Mar-25 23:18:42 - INFO - ***************test_title_verification_started***************
30-Mar-25 23:18:43 - INFO - ***************test_title_verification_title_match***************
30-Mar-25 23:18:46 - INFO - ***************test_valid_admin_login_started***************
30-Mar-25 23:18:47 - INFO - ***************test_valid_admin_login-login_text_has_found***************
31-Mar-25 09:00:48 - INFO - ***************test_title_verification_started***************
31-Mar-25 09:00:49 - INFO - ***************test_title_verification_title_match***************
31-Mar-25 09:00:50 - INFO - ***************test_valid_admin_login_started***************
31-Mar-25 09:00:52 - INFO - ***************test_valid_admin_login-login_text_has_found***************
31-Mar-25 09:25:47 - INFO - ***************test_title_verification_started***************
31-Mar-25 09:25:48 - INFO - ***************test_title_verification_title_match***************
31-Mar-25 09:25:50 - INFO - ***************test_valid_admin_login_started***************
31-Mar-25 09:25:52 - INFO - ***************test_valid_admin_login-login_text_has_found***************
31-Mar-25 13:28:53 - INFO - ***************test_valid_admin_login_started***************
31-Mar-25 13:28:53 - INFO - ***************test_title_verification_started***************
31-Mar-25 13:28:54 - INFO - ***************test_title_verification_title_match***************
31-Mar-25 13:28:56 - INFO - ***************test_valid_admin_login-login_text_has_found***************
31-Mar-25 13:44:45 - INFO - ***************test_title_verification_started***************
31-Mar-25 13:44:46 - INFO - ***************test_title_verification_title_match***************
31-Mar-25 13:44:48 - INFO - ***************test_valid_admin_login_started***************
31-Mar-25 13:44:49 - INFO - ***************test_valid_admin_login-login_text_has_found***************
31-Mar-25 13:46:56 - INFO - ***************test_title_verification_started***************
31-Mar-25 13:46:57 - INFO - ***************test_title_verification_title_match***************
31-Mar-25 13:46:59 - INFO - ***************test_valid_admin_login_started***************
31-Mar-25 13:47:00 - INFO - ***************test_valid_admin_login-login_text_has_found***************
31-Mar-25 13:47:33 - INFO - ***************test_title_verification_started***************
31-Mar-25 13:47:34 - INFO - ***************test_title_verification_title_match***************
31-Mar-25 13:47:35 - INFO - ***************test_valid_admin_login_started***************
31-Mar-25 13:47:36 - INFO - ***************test_valid_admin_login-login_text_has_found***************
31-Mar-25 22:02:42 - INFO - ***************test_valid_admin_login_started***************
31-Mar-25 22:02:44 - INFO - ***************test_title_verification_started***************
31-Mar-25 22:02:45 - INFO - ***************test_valid_admin_login-login_text_has_found***************
31-Mar-25 22:02:45 - INFO - ***************test_title_verification_title_match***************
31-Mar-25 22:03:34 - INFO - ***************test_title_verification_started***************
31-Mar-25 22:03:35 - INFO - ***************test_title_verification_title_match***************
31-Mar-25 22:03:37 - INFO - ***************test_valid_admin_login_started***************
31-Mar-25 22:03:39 - INFO - ***************test_valid_admin_login-login_text_has_found***************
01-Apr-25 12:28:38 - INFO - ***************test_title_verification_started***************
01-Apr-25 12:28:40 - INFO - ***************test_title_verification_title_match***************
01-Apr-25 12:28:42 - INFO - ***************test_valid_admin_login_started***************
01-Apr-25 12:28:43 - INFO - ***************test_valid_admin_login-login_text_has_found***************
